<?xml version="1.0" encoding="UTF-8"?>
<testsuite xmlns:xsi="http://www.w3.org/2001/XMLSchema-instance" xsi:noNamespaceSchemaLocation="https://maven.apache.org/surefire/maven-surefire-plugin/xsd/surefire-test-report-3.0.xsd" version="3.0" name="StringOperationsTest" time="0.384" tests="17" errors="0" skipped="0" failures="0">
  <properties>
    <property name="sun.desktop" value="windows"/>
    <property name="awt.toolkit" value="sun.awt.windows.WToolkit"/>
    <property name="file.encoding.pkg" value="sun.io"/>
    <property name="java.specification.version" value="1.8"/>
    <property name="sun.cpu.isalist" value="amd64"/>
    <property name="sun.jnu.encoding" value="Cp1250"/>
    <property name="java.class.path" value="C:\Users\mchud\IdeaProjects\StringOperations\target\test-classes;C:\Users\mchud\IdeaProjects\StringOperations\target\classes;C:\Users\mchud\.m2\repository\org\junit\jupiter\junit-jupiter-params\5.6.0\junit-jupiter-params-5.6.0.jar;C:\Users\mchud\.m2\repository\org\apiguardian\apiguardian-api\1.1.0\apiguardian-api-1.1.0.jar;C:\Users\mchud\.m2\repository\org\apache\maven\plugins\maven-surefire-plugin\3.0.0-M4\maven-surefire-plugin-3.0.0-M4.jar;C:\Users\mchud\.m2\repository\org\apache\maven\surefire\maven-surefire-common\3.0.0-M4\maven-surefire-common-3.0.0-M4.jar;C:\Users\mchud\.m2\repository\org\apache\maven\surefire\surefire-api\3.0.0-M4\surefire-api-3.0.0-M4.jar;C:\Users\mchud\.m2\repository\org\apache\maven\surefire\surefire-logger-api\3.0.0-M4\surefire-logger-api-3.0.0-M4.jar;C:\Users\mchud\.m2\repository\org\apache\maven\surefire\surefire-extensions-api\3.0.0-M4\surefire-extensions-api-3.0.0-M4.jar;C:\Users\mchud\.m2\repository\org\apache\maven\surefire\surefire-booter\3.0.0-M4\surefire-booter-3.0.0-M4.jar;C:\Users\mchud\.m2\repository\org\apache\maven\maven-toolchain\3.0-alpha-2\maven-toolchain-3.0-alpha-2.jar;C:\Users\mchud\.m2\repository\org\apache\maven\shared\maven-artifact-transfer\0.11.0\maven-artifact-transfer-0.11.0.jar;C:\Users\mchud\.m2\repository\org\apache\maven\shared\maven-common-artifact-filters\3.0.1\maven-common-artifact-filters-3.0.1.jar;C:\Users\mchud\.m2\repository\org\apache\maven\maven-model\3.0\maven-model-3.0.jar;C:\Users\mchud\.m2\repository\org\apache\maven\maven-plugin-api\3.0\maven-plugin-api-3.0.jar;C:\Users\mchud\.m2\repository\org\sonatype\sisu\sisu-inject-plexus\1.4.2\sisu-inject-plexus-1.4.2.jar;C:\Users\mchud\.m2\repository\org\codehaus\plexus\plexus-classworlds\2.2.3\plexus-classworlds-2.2.3.jar;C:\Users\mchud\.m2\repository\org\sonatype\sisu\sisu-inject-bean\1.4.2\sisu-inject-bean-1.4.2.jar;C:\Users\mchud\.m2\repository\org\sonatype\sisu\sisu-guice\2.1.7\sisu-guice-2.1.7-noaop.jar;C:\Users\mchud\.m2\repository\org\apache\maven\shared\maven-shared-utils\3.1.0\maven-shared-utils-3.1.0.jar;C:\Users\mchud\.m2\repository\commons-io\commons-io\2.5\commons-io-2.5.jar;C:\Users\mchud\.m2\repository\commons-codec\commons-codec\1.11\commons-codec-1.11.jar;C:\Users\mchud\.m2\repository\org\codehaus\plexus\plexus-java\1.0.3\plexus-java-1.0.3.jar;C:\Users\mchud\.m2\repository\org\ow2\asm\asm\7.0\asm-7.0.jar;C:\Users\mchud\.m2\repository\com\thoughtworks\qdox\qdox\2.0-M9\qdox-2.0-M9.jar;C:\Users\mchud\.m2\repository\org\junit\jupiter\junit-jupiter-api\5.6.0\junit-jupiter-api-5.6.0.jar;C:\Users\mchud\.m2\repository\org\opentest4j\opentest4j\1.2.0\opentest4j-1.2.0.jar;C:\Users\mchud\.m2\repository\org\junit\platform\junit-platform-commons\1.6.0\junit-platform-commons-1.6.0.jar;C:\Users\mchud\.m2\repository\org\junit\jupiter\junit-jupiter-engine\5.6.0\junit-jupiter-engine-5.6.0.jar;C:\Users\mchud\.m2\repository\org\junit\platform\junit-platform-engine\1.6.0\junit-platform-engine-1.6.0.jar;"/>
    <property name="java.vm.vendor" value=""/>
    <property name="sun.arch.data.model" value="64"/>
    <property name="user.variant" value=""/>
    <property name="java.vendor.url" value="http://java.oracle.com/"/>
    <property name="user.timezone" value="Europe/Belgrade"/>
    <property name="java.vm.specification.version" value="1.8"/>
    <property name="os.name" value="Windows 10"/>
    <property name="user.country" value="US"/>
    <property name="sun.java.launcher" value="SUN_STANDARD"/>
    <property name="sun.boot.library.path" value="C:\Program Files\ojdkbuild\java-1.8.0-openjdk-1.8.0.242-1\jre\bin"/>
    <property name="sun.java.command" value="C:\Users\mchud\AppData\Local\Temp\surefire6516182880060027522\surefirebooter8709575055375270090.jar C:\Users\mchud\AppData\Local\Temp\surefire6516182880060027522 2020-03-16T21-46-11_573-jvmRun1 surefire6705201505896047148tmp surefire_02605725088228863901tmp"/>
    <property name="surefire.test.class.path" value="C:\Users\mchud\IdeaProjects\StringOperations\target\test-classes;C:\Users\mchud\IdeaProjects\StringOperations\target\classes;C:\Users\mchud\.m2\repository\org\junit\jupiter\junit-jupiter-params\5.6.0\junit-jupiter-params-5.6.0.jar;C:\Users\mchud\.m2\repository\org\apiguardian\apiguardian-api\1.1.0\apiguardian-api-1.1.0.jar;C:\Users\mchud\.m2\repository\org\apache\maven\plugins\maven-surefire-plugin\3.0.0-M4\maven-surefire-plugin-3.0.0-M4.jar;C:\Users\mchud\.m2\repository\org\apache\maven\surefire\maven-surefire-common\3.0.0-M4\maven-surefire-common-3.0.0-M4.jar;C:\Users\mchud\.m2\repository\org\apache\maven\surefire\surefire-api\3.0.0-M4\surefire-api-3.0.0-M4.jar;C:\Users\mchud\.m2\repository\org\apache\maven\surefire\surefire-logger-api\3.0.0-M4\surefire-logger-api-3.0.0-M4.jar;C:\Users\mchud\.m2\repository\org\apache\maven\surefire\surefire-extensions-api\3.0.0-M4\surefire-extensions-api-3.0.0-M4.jar;C:\Users\mchud\.m2\repository\org\apache\maven\surefire\surefire-booter\3.0.0-M4\surefire-booter-3.0.0-M4.jar;C:\Users\mchud\.m2\repository\org\apache\maven\maven-toolchain\3.0-alpha-2\maven-toolchain-3.0-alpha-2.jar;C:\Users\mchud\.m2\repository\org\apache\maven\shared\maven-artifact-transfer\0.11.0\maven-artifact-transfer-0.11.0.jar;C:\Users\mchud\.m2\repository\org\apache\maven\shared\maven-common-artifact-filters\3.0.1\maven-common-artifact-filters-3.0.1.jar;C:\Users\mchud\.m2\repository\org\apache\maven\maven-model\3.0\maven-model-3.0.jar;C:\Users\mchud\.m2\repository\org\apache\maven\maven-plugin-api\3.0\maven-plugin-api-3.0.jar;C:\Users\mchud\.m2\repository\org\sonatype\sisu\sisu-inject-plexus\1.4.2\sisu-inject-plexus-1.4.2.jar;C:\Users\mchud\.m2\repository\org\codehaus\plexus\plexus-classworlds\2.2.3\plexus-classworlds-2.2.3.jar;C:\Users\mchud\.m2\repository\org\sonatype\sisu\sisu-inject-bean\1.4.2\sisu-inject-bean-1.4.2.jar;C:\Users\mchud\.m2\repository\org\sonatype\sisu\sisu-guice\2.1.7\sisu-guice-2.1.7-noaop.jar;C:\Users\mchud\.m2\repository\org\apache\maven\shared\maven-shared-utils\3.1.0\maven-shared-utils-3.1.0.jar;C:\Users\mchud\.m2\repository\commons-io\commons-io\2.5\commons-io-2.5.jar;C:\Users\mchud\.m2\repository\commons-codec\commons-codec\1.11\commons-codec-1.11.jar;C:\Users\mchud\.m2\repository\org\codehaus\plexus\plexus-java\1.0.3\plexus-java-1.0.3.jar;C:\Users\mchud\.m2\repository\org\ow2\asm\asm\7.0\asm-7.0.jar;C:\Users\mchud\.m2\repository\com\thoughtworks\qdox\qdox\2.0-M9\qdox-2.0-M9.jar;C:\Users\mchud\.m2\repository\org\junit\jupiter\junit-jupiter-api\5.6.0\junit-jupiter-api-5.6.0.jar;C:\Users\mchud\.m2\repository\org\opentest4j\opentest4j\1.2.0\opentest4j-1.2.0.jar;C:\Users\mchud\.m2\repository\org\junit\platform\junit-platform-commons\1.6.0\junit-platform-commons-1.6.0.jar;C:\Users\mchud\.m2\repository\org\junit\jupiter\junit-jupiter-engine\5.6.0\junit-jupiter-engine-5.6.0.jar;C:\Users\mchud\.m2\repository\org\junit\platform\junit-platform-engine\1.6.0\junit-platform-engine-1.6.0.jar;"/>
    <property name="sun.cpu.endian" value="little"/>
    <property name="user.home" value="C:\Users\mchud"/>
    <property name="user.language" value="en"/>
    <property name="java.specification.vendor" value="Oracle Corporation"/>
    <property name="java.home" value="C:\Program Files\ojdkbuild\java-1.8.0-openjdk-1.8.0.242-1\jre"/>
    <property name="basedir" value="C:\Users\mchud\IdeaProjects\StringOperations"/>
    <property name="file.separator" value="\"/>
    <property name="line.separator" value="&#10;"/>
    <property name="java.vm.specification.vendor" value="Oracle Corporation"/>
    <property name="java.specification.name" value="Java Platform API Specification"/>
    <property name="java.awt.graphicsenv" value="sun.awt.Win32GraphicsEnvironment"/>
    <property name="surefire.real.class.path" value="C:\Users\mchud\AppData\Local\Temp\surefire6516182880060027522\surefirebooter8709575055375270090.jar;C:\\Users\\mchud\\.m2\\repository\\org\\jacoco\\org.jacoco.agent\\0.8.2\\org.jacoco.agent-0.8.2-runtime.jar"/>
    <property name="sun.boot.class.path" value="C:\Program Files\ojdkbuild\java-1.8.0-openjdk-1.8.0.242-1\jre\lib\resources.jar;C:\Program Files\ojdkbuild\java-1.8.0-openjdk-1.8.0.242-1\jre\lib\rt.jar;C:\Program Files\ojdkbuild\java-1.8.0-openjdk-1.8.0.242-1\jre\lib\sunrsasign.jar;C:\Program Files\ojdkbuild\java-1.8.0-openjdk-1.8.0.242-1\jre\lib\jsse.jar;C:\Program Files\ojdkbuild\java-1.8.0-openjdk-1.8.0.242-1\jre\lib\jce.jar;C:\Program Files\ojdkbuild\java-1.8.0-openjdk-1.8.0.242-1\jre\lib\charsets.jar;C:\Program Files\ojdkbuild\java-1.8.0-openjdk-1.8.0.242-1\jre\lib\jfr.jar;C:\Program Files\ojdkbuild\java-1.8.0-openjdk-1.8.0.242-1\jre\classes"/>
    <property name="user.script" value=""/>
    <property name="sun.management.compiler" value="HotSpot 64-Bit Tiered Compilers"/>
    <property name="java.runtime.version" value="1.8.0_242-b08"/>
    <property name="user.name" value="mchud"/>
    <property name="path.separator" value=";"/>
    <property name="os.version" value="10.0"/>
    <property name="java.endorsed.dirs" value="C:\Program Files\ojdkbuild\java-1.8.0-openjdk-1.8.0.242-1\jre\lib\endorsed"/>
    <property name="java.runtime.name" value="OpenJDK Runtime Environment"/>
    <property name="file.encoding" value="Cp1250"/>
    <property name="java.vm.name" value="OpenJDK 64-Bit Server VM"/>
    <property name="localRepository" value="C:\Users\mchud\.m2\repository"/>
    <property name="java.vendor.url.bug" value="http://bugreport.sun.com/bugreport/"/>
    <property name="java.io.tmpdir" value="C:\Users\mchud\AppData\Local\Temp\"/>
    <property name="java.version" value="1.8.0_242"/>
    <property name="user.dir" value="C:\Users\mchud\IdeaProjects\StringOperations"/>
    <property name="os.arch" value="amd64"/>
    <property name="java.vm.specification.name" value="Java Virtual Machine Specification"/>
    <property name="java.awt.printerjob" value="sun.awt.windows.WPrinterJob"/>
    <property name="sun.os.patch.level" value=""/>
    <property name="java.library.path" value="C:\Program Files\ojdkbuild\java-1.8.0-openjdk-1.8.0.242-1\jre\bin;C:\WINDOWS\Sun\Java\bin;C:\WINDOWS\system32;C:\WINDOWS;C:\Program Files (x86)\Common Files\Oracle\Java\javapath;C:\Users\mchud\Documents\opencv\build\x64\vc15\bin;C:\Program Files\dotnet\;C:\Program Files\Microsoft SQL Server\Client SDK\ODBC\170\Tools\Binn\;C:\Program Files\Microsoft SQL Server\130\Tools\Binn\;C:\ProgramData\chocolatey\bin;C:\ProgramData\chocolatey\lib\maven\apache-maven-3.6.3\bin;C:\Program Files\ojdkbuild\java-1.8.0-openjdk-1.8.0.242-1\webstart\;C:\Program Files\ojdkbuild\java-1.8.0-openjdk-1.8.0.242-1\bin;C:\Program Files\ojdkbuild\java-1.8.0-openjdk-1.8.0.242-1\jre\bin;C:\Users\mchud\AppData\Local\Microsoft\WindowsApps;C:\Users\mchud\AppData\Local\GitHubDesktop\bin;C:\Program Files (x86)\Nmap;C:\Users\mchud\AppData\Local\Microsoft\WindowsApps;C:\Users\mchud\.dotnet\tools;C:\Windows\system32;."/>
    <property name="java.vm.info" value="mixed mode"/>
    <property name="java.vendor" value="Oracle Corporation"/>
    <property name="java.vm.version" value="25.242-b08"/>
    <property name="java.ext.dirs" value="C:\Program Files\ojdkbuild\java-1.8.0-openjdk-1.8.0.242-1\jre\lib\ext;C:\WINDOWS\Sun\Java\lib\ext"/>
    <property name="sun.io.unicode.encoding" value="UnicodeLittle"/>
    <property name="java.class.version" value="52.0"/>
  </properties>
  <testcase name="isPalidromeFirstCondition1(String,String)" classname="StringOperationsTest" time="0.089"/>
  <testcase name="isPalidromeFirstCondition1(String,String)" classname="StringOperationsTest" time="0.006"/>
  <testcase name="isPalidromeFirstCondition1(String,String)" classname="StringOperationsTest" time="0.006"/>
  <testcase name="isPalidromeFirstCondition1(String,String)" classname="StringOperationsTest" time="0.003"/>
  <testcase name="isPalidromeSecoundCondition2(String,String)" classname="StringOperationsTest" time="0.006"/>
  <testcase name="isPalidromeSecoundCondition2(String,String)" classname="StringOperationsTest" time="0.003"/>
  <testcase name="isPalidromeSecoundCondition2(String,String)" classname="StringOperationsTest" time="0.002"/>
  <testcase name="isPalidromeSecoundCondition2(String,String)" classname="StringOperationsTest" time="0.003"/>
  <testcase name="isPalidromeSecoundCondition2(String,String)" classname="StringOperationsTest" time="0.006"/>
  <testcase name="concatTest1(String,String,String)" classname="StringOperationsTest" time="0.001"/>
  <testcase name="concatTest1(String,String,String)" classname="StringOperationsTest" time="0.003"/>
  <testcase name="concatTest1(String,String,String)" classname="StringOperationsTest" time="0.001"/>
  <testcase name="concatTest1(String,String,String)" classname="StringOperationsTest" time="0"/>
  <testcase name="reverseTest(String,String)" classname="StringOperationsTest" time="0.002"/>
  <testcase name="reverseTest(String,String)" classname="StringOperationsTest" time="0.001"/>
  <testcase name="reverseTest(String,String)" classname="StringOperationsTest" time="0.002"/>
  <testcase name="reverseTest(String,String)" classname="StringOperationsTest" time="0"/>
</testsuite>